<?xml version="1.0" encoding="UTF-8"?>
<!-- Generated by org.testng.reporters.JUnitReportReporter -->
<testsuite hostname="Mac" failures="0" tests="4" name="Runner.RunnerClass" time="0.097" errors="0" timestamp="2025-09-28T17:08:13 BST" skipped="0">
  <testcase classname="Runner.RunnerClass" name="runScenario" time="0.002"/>
  <testcase classname="Runner.RunnerClass" name="runScenario" time="0.002"/>
  <testcase classname="Runner.RunnerClass" name="runScenario" time="0.090"/>
  <testcase classname="Runner.RunnerClass" name="runScenario" time="0.003"/>
</testsuite> <!-- Runner.RunnerClass -->
